<?xml version="1.0" encoding="utf-8"?><testsuites name="pytest tests"><testsuite name="pytest" errors="0" failures="0" skipped="0" tests="42" time="27.418" timestamp="2026-04-12T14:48:26.782997+00:00" hostname="agent-env-6a877092-17a9-4bc6-8895-c25d5ef1eccd"><testcase classname="tests.test_vivahsetu_api.TestHealth" name="test_health_endpoint" time="0.244" /><testcase classname="tests.test_vivahsetu_api.TestAuth" name="test_register_new_user" time="0.373" /><testcase classname="tests.test_vivahsetu_api.TestAuth" name="test_register_duplicate_email" time="0.529" /><testcase classname="tests.test_vivahsetu_api.TestAuth" name="test_login_with_valid_credentials" time="0.746" /><testcase classname="tests.test_vivahsetu_api.TestAuth" name="test_login_with_invalid_password" time="0.742" /><testcase classname="tests.test_vivahsetu_api.TestAuth" name="test_login_nonexistent_user" time="0.102" /><testcase classname="tests.test_vivahsetu_api.TestAuth" name="test_google_login" time="0.112" /><testcase classname="tests.test_vivahsetu_api.TestProfile" name="test_get_profile_me" time="0.458" /><testcase classname="tests.test_vivahsetu_api.TestProfile" name="test_update_profile" time="0.554" /><testcase classname="tests.test_vivahsetu_api.TestProfile" name="test_profile_without_auth" time="0.143" /><testcase classname="tests.test_vivahsetu_api.TestMatches" name="test_get_matches" time="0.439" /><testcase classname="tests.test_vivahsetu_api.TestMatches" name="test_matches_pagination" time="0.459" /><testcase classname="tests.test_vivahsetu_api.TestConnections" name="test_send_connection_request" time="0.826" /><testcase classname="tests.test_vivahsetu_api.TestConnections" name="test_get_connections" time="0.819" /><testcase classname="tests.test_vivahsetu_api.TestConnections" name="test_accept_connection_request" time="0.878" /><testcase classname="tests.test_vivahsetu_api.TestConnections" name="test_reject_connection_request" time="1.212" /><testcase classname="tests.test_vivahsetu_api.TestSubscriptions" name="test_get_subscription_plans" time="0.100" /><testcase classname="tests.test_vivahsetu_api.TestPayment" name="test_create_payment_order_focus_plan" time="1.666" /><testcase classname="tests.test_vivahsetu_api.TestPayment" name="test_create_payment_order_invalid_plan" time="0.462" /><testcase classname="tests.test_vivahsetu_api.TestPayment" name="test_create_payment_order_commit_unavailable" time="0.441" /><testcase classname="tests.test_vivahsetu_api.TestPayment" name="test_verify_payment_endpoint_exists" time="0.752" /><testcase classname="tests.test_vivahsetu_api.TestMatchesFilters" name="test_matches_filter_by_age" time="1.398" /><testcase classname="tests.test_vivahsetu_api.TestMatchesFilters" name="test_matches_filter_by_religion" time="1.306" /><testcase classname="tests.test_vivahsetu_api.TestMatchesFilters" name="test_matches_filter_by_city" time="1.373" /><testcase classname="tests.test_vivahsetu_api.TestMatchesFilters" name="test_matches_filter_by_caste" time="1.379" /><testcase classname="tests.test_vivahsetu_api.TestMatchesFilters" name="test_matches_multiple_filters" time="1.351" /><testcase classname="tests.test_vivahsetu_api.TestProfilePartnerPreferences" name="test_update_profile_with_partner_preferences" time="0.568" /><testcase classname="tests.test_vivahsetu_api.TestProfilePartnerPreferences" name="test_update_profile_with_dob_and_photo_visibility" time="0.520" /><testcase classname="tests.test_vivahsetu_api.TestProfilePartnerPreferences" name="test_update_profile_photo_visibility_no" time="0.439" /><testcase classname="tests.test_vivahsetu_api.TestMatchProfileView" name="test_get_user_profile_by_id" time="0.904" /><testcase classname="tests.test_vivahsetu_api.TestMatchProfileView" name="test_get_user_profile_invalid_id" time="0.901" /><testcase classname="tests.test_vivahsetu_api.TestMatchProfileView" name="test_profile_visitor_tracking" time="0.995" /><testcase classname="tests.test_vivahsetu_api.TestSuccessStories" name="test_get_success_stories" time="0.105" /><testcase classname="tests.test_vivahsetu_api.TestGoogleAuthIteration4" name="test_google_login_creates_new_user" time="0.135" /><testcase classname="tests.test_vivahsetu_api.TestGoogleAuthIteration4" name="test_google_login_existing_user" time="0.214" /><testcase classname="tests.test_vivahsetu_api.TestGoogleAuthIteration4" name="test_google_complete_profile_without_auth" time="0.095" /><testcase classname="tests.test_vivahsetu_api.TestGoogleAuthIteration4" name="test_google_complete_profile_with_auth" time="0.335" /><testcase classname="tests.test_vivahsetu_api.TestFCMTokenRegistration" name="test_register_fcm_token_without_auth" time="0.120" /><testcase classname="tests.test_vivahsetu_api.TestFCMTokenRegistration" name="test_register_fcm_token_with_auth" time="0.533" /><testcase classname="tests.test_vivahsetu_api.TestChatEndpoints" name="test_chat_send_requires_paid_plan" time="1.003" /><testcase classname="tests.test_vivahsetu_api.TestChatEndpoints" name="test_chat_get_requires_paid_plan" time="1.046" /><testcase classname="tests.test_vivahsetu_api.TestChatEndpoints" name="test_chat_unread_count_endpoint" time="0.483" /></testsuite></testsuites>